2025-06-18T11:18:46.735810+0200 ==== Starting sentiment analysis at 2025-06-18 11:18:46.735793 ====
2025-06-18T11:18:46.735924+0200 Model names: ['cardiffnlp/twitter-xlm-roberta-base-sentiment-multilingual']
2025-06-18T11:18:46.735954+0200 Dataset name: data/MythFic_texts.csv
2025-06-18T11:18:46.735986+0200 Output directory: results
2025-06-18T11:18:46.736016+0200 Limiting to first 5 rows
2025-06-18T11:20:15.471113+0200 Saved final partial results to results/partial_results_final_20250618_111846.json
2025-06-18T11:20:15.505459+0200 Results saved to results/mythfic_texts_sentiment_results_20250618_111846.csv
2025-06-18T11:20:15.505605+0200 time elapsed: 0:01:28.769805
2025-06-18T11:24:26.480747+0200 ==== Starting sentiment analysis at 2025-06-18 11:24:26.480724 ====
2025-06-18T11:24:26.480898+0200 Model names: ['cardiffnlp/twitter-xlm-roberta-base-sentiment-multilingual']
2025-06-18T11:24:26.480932+0200 Dataset name: data/MythFic_texts.csv
2025-06-18T11:24:26.480964+0200 Output directory: results
2025-06-18T11:24:26.480995+0200 Limiting to first 2 rows
2025-06-18T11:24:49.957734+0200 Saved final partial results to results/partial_results_final_20250618_112426.json
2025-06-18T11:24:49.967005+0200 Results saved to results/mythfic_texts_sentiment_results_20250618_112426.csv
2025-06-18T11:24:49.967104+0200 time elapsed: 0:00:23.486374
2025-06-18T11:29:22.640925+0200 ==== Starting sentiment analysis at 2025-06-18 11:29:22.640905 ====
2025-06-18T11:29:22.641205+0200 Model names: ['cardiffnlp/twitter-xlm-roberta-base-sentiment-multilingual']
2025-06-18T11:29:22.641262+0200 Dataset name: data/MythFic_texts.csv
2025-06-18T11:29:22.641303+0200 Output directory: results
2025-06-18T11:29:22.641337+0200 Limiting to first 2 rows
2025-06-18T11:29:45.009378+0200 Saved final partial results to results/partial_results_final_20250618_112922.json
2025-06-18T11:39:26.836279+0200 ==== Starting sentiment analysis at 2025-06-18 11:39:26.836261 ====
2025-06-18T11:39:26.836397+0200 Model names: ['cardiffnlp/twitter-xlm-roberta-base-sentiment-multilingual']
2025-06-18T11:39:26.836429+0200 Dataset name: data/MythFic_texts.csv
2025-06-18T11:39:26.836464+0200 Output directory: results
2025-06-18T11:39:26.836495+0200 Limiting to first 2 rows
2025-06-18T11:39:51.332243+0200 Saved final partial results to results/partial_results_final_20250618_113926.json
2025-06-18T11:39:51.332860+0200 Results saved to results
2025-06-18T11:39:51.332911+0200 time elapsed: 0:00:24.496644
2025-06-18T11:40:55.068400+0200 ==== Starting sentiment analysis at 2025-06-18 11:40:55.068382 ====
2025-06-18T11:40:55.068526+0200 Model names: ['cardiffnlp/twitter-xlm-roberta-base-sentiment-multilingual']
2025-06-18T11:40:55.068564+0200 Dataset name: data/MythFic_texts.csv
2025-06-18T11:40:55.068598+0200 Limiting to first 2 rows
2025-06-18T11:43:29.197235+0200 ==== Starting sentiment analysis at 2025-06-18 11:43:29.197216 ====
2025-06-18T11:43:29.197393+0200 Model names: ['cardiffnlp/twitter-xlm-roberta-base-sentiment-multilingual']
2025-06-18T11:43:29.197434+0200 Dataset name: data/MythFic_texts.csv
2025-06-18T11:43:29.197471+0200 Limiting to first 2 rows
2025-06-18T11:43:51.473347+0200 Saved final partial results to results/partial_results_final_20250618_114329.json
2025-06-18T11:43:51.473943+0200 Results saved to results
2025-06-18T11:43:51.474007+0200 time elapsed: 0:00:22.276786
2025-06-18T11:44:07.942001+0200 ==== Starting sentiment analysis at 2025-06-18 11:44:07.941982 ====
2025-06-18T11:44:07.942127+0200 Model names: ['cardiffnlp/twitter-xlm-roberta-base-sentiment-multilingual']
2025-06-18T11:44:07.942160+0200 Dataset name: data/MythFic_texts.csv
2025-06-18T11:44:07.942200+0200 Limiting to first 5 rows
2025-06-18T11:45:43.590812+0200 Saved final partial results to results/partial_results_final_20250618_114407.json
2025-06-18T11:45:43.591512+0200 Results saved to results
2025-06-18T11:45:43.591593+0200 time elapsed: 0:01:35.649605
2025-06-18T11:46:17.447787+0200 ==== Starting sentiment analysis at 2025-06-18 11:46:17.447765 ====
2025-06-18T11:46:17.447923+0200 Model names: ['cardiffnlp/twitter-xlm-roberta-base-sentiment-multilingual']
2025-06-18T11:46:17.447964+0200 Dataset name: data/MythFic_texts.csv
2025-06-18T11:46:17.448002+0200 Limiting to first 5 rows
2025-06-18T11:47:46.666525+0200 Saved final partial results to results/partial_results_final_20250618_114617.json
2025-06-18T11:47:46.666999+0200 Results saved to results
2025-06-18T11:47:46.667066+0200 time elapsed: 0:01:29.219296
2025-06-18T11:52:47.634886+0200 ==== Starting sentiment analysis at 2025-06-18 11:52:47.634862 ====
2025-06-18T11:52:47.635045+0200 Model names: ['cardiffnlp/twitter-xlm-roberta-base-sentiment-multilingual']
2025-06-18T11:52:47.635082+0200 Dataset name: data/MythFic_texts.csv
2025-06-18T11:52:47.635120+0200 No row limit specified
2025-06-18T12:08:14.204527+0200 Saved partial results to results/partial_results_100_20250618_115247.json
2025-06-18T12:22:47.931961+0200 Saved partial results to results/partial_results_200_20250618_115247.json
2025-06-18T12:35:47.483633+0200 ==== Starting sentiment analysis at 2025-06-18 12:35:47.483610 ====
2025-06-18T12:35:47.484040+0200 Model names: ['cardiffnlp/twitter-xlm-roberta-base-sentiment-multilingual']
2025-06-18T12:35:47.484089+0200 Dataset name: data/MythFic_texts.csv
2025-06-18T12:35:47.484124+0200 No row limit specified
2025-06-18T12:35:56.719118+0200 Skipping 201 already-processed texts.
2025-06-18T12:39:32.836263+0200 ==== Starting sentiment analysis at 2025-06-18 12:39:32.836245 ====
2025-06-18T12:39:32.836532+0200 Model names: ['cardiffnlp/twitter-xlm-roberta-base-sentiment-multilingual']
2025-06-18T12:39:32.836581+0200 Dataset name: data/MythFic_texts.csv
2025-06-18T12:39:32.836620+0200 No row limit specified
2025-06-18T12:39:41.827846+0200 Skipping 201 already-processed texts.
2025-06-18T12:54:54.521217+0200 Saved partial results to results/partial_results/partial_results_300_20250618_123932.json
2025-06-18T13:02:12.499291+0200 Saved partial results to results/partial_results/partial_results_400_20250618_123932.json
2025-06-18T13:14:07.051082+0200 Saved partial results to results/partial_results/partial_results_500_20250618_123932.json
2025-06-18T13:22:11.545493+0200 Saved partial results to results/partial_results/partial_results_600_20250618_123932.json
2025-06-18T13:40:52.627056+0200 ==== Starting sentiment analysis at 2025-06-18 13:40:52.627028 ====
2025-06-18T13:40:52.627439+0200 Model names: ['cardiffnlp/twitter-xlm-roberta-base-sentiment-multilingual']
2025-06-18T13:40:52.627488+0200 Dataset name: data/MythFic_texts.csv
2025-06-18T13:40:52.627522+0200 No row limit specified
2025-06-18T13:41:02.190411+0200 Skipping 601 already-processed texts.
2025-06-18T13:41:05.943713+0200 Skipping empty or invalid text_id 41877828
2025-06-18T13:41:05.945474+0200 Skipping empty or invalid text_id 41033373
2025-06-18T13:41:05.945869+0200 Skipping empty or invalid text_id 40719252
2025-06-18T13:41:05.947171+0200 Skipping empty or invalid text_id 40019712
2025-06-18T13:41:05.948814+0200 Skipping empty or invalid text_id 39409443
2025-06-18T13:41:05.949952+0200 Skipping empty or invalid text_id 39024141
2025-06-18T13:43:51.999024+0200 Skipping empty or invalid text_id 38772543
2025-06-18T13:43:52.000378+0200 Skipping empty or invalid text_id 38772543
2025-06-18T13:43:52.000458+0200 Skipping empty or invalid text_id 38772543
2025-06-18T13:43:54.232212+0200 Skipping empty or invalid text_id 38772459
2025-06-18T13:47:20.208609+0200 Skipping empty or invalid text_id 38640603
2025-06-18T13:53:58.546685+0200 Saved partial results to results/partial_results/partial_results_700_20250618_134052.json
2025-06-18T13:58:22.441827+0200 Skipping empty or invalid text_id 38185519
2025-06-18T14:15:15.132128+0200 ==== Starting sentiment analysis at 2025-06-18 14:15:15.132101 ====
2025-06-18T14:15:15.132387+0200 Model names: ['cardiffnlp/twitter-xlm-roberta-base-sentiment-multilingual']
2025-06-18T14:15:15.132432+0200 Dataset name: data/MythFic_texts.csv
2025-06-18T14:15:15.132467+0200 No row limit specified
2025-06-18T14:15:24.343383+0200 Skipping 696 already-processed texts.
2025-06-18T14:15:27.739147+0200 Skipping empty or invalid text_id 41877828
2025-06-18T14:15:27.740938+0200 Skipping empty or invalid text_id 41033373
2025-06-18T14:15:27.741370+0200 Skipping empty or invalid text_id 40719252
2025-06-18T14:15:27.742486+0200 Skipping empty or invalid text_id 40019712
2025-06-18T14:15:27.743793+0200 Skipping empty or invalid text_id 39409443
2025-06-18T14:15:27.744547+0200 Skipping empty or invalid text_id 39024141
2025-06-18T14:15:27.745366+0200 Skipping empty or invalid text_id 38772543
2025-06-18T14:15:27.745432+0200 Skipping empty or invalid text_id 38772543
2025-06-18T14:15:27.745475+0200 Skipping empty or invalid text_id 38772543
2025-06-18T14:15:27.745541+0200 Skipping empty or invalid text_id 38772459
2025-06-18T14:27:36.632229+0200 Skipping empty or invalid text_id 37771636
2025-06-18T14:33:20.065004+0200 Saved partial results to results/partial_results/partial_results_800_20250618_141515.json
2025-06-18T14:50:36.026823+0200 ==== Starting sentiment analysis at 2025-06-18 14:50:36.026795 ====
2025-06-18T14:50:36.027098+0200 Model names: ['cardiffnlp/twitter-xlm-roberta-base-sentiment-multilingual']
2025-06-18T14:50:36.027144+0200 Dataset name: data/MythFic_texts.csv
2025-06-18T14:50:36.027179+0200 No row limit specified
2025-06-18T14:50:45.725363+0200 Skipping 796 already-processed texts.
2025-06-18T14:50:49.247624+0200 Skipping empty or invalid text_id 41877828
2025-06-18T14:50:49.249247+0200 Skipping empty or invalid text_id 41033373
2025-06-18T14:50:49.249647+0200 Skipping empty or invalid text_id 40719252
2025-06-18T14:50:49.250978+0200 Skipping empty or invalid text_id 40019712
2025-06-18T14:50:49.252375+0200 Skipping empty or invalid text_id 39409443
2025-06-18T14:50:49.253179+0200 Skipping empty or invalid text_id 39024141
2025-06-18T14:50:49.254218+0200 Skipping empty or invalid text_id 38772543
2025-06-18T14:50:49.254313+0200 Skipping empty or invalid text_id 38772543
2025-06-18T14:50:49.254364+0200 Skipping empty or invalid text_id 38772543
2025-06-18T14:50:49.254422+0200 Skipping empty or invalid text_id 38772459
2025-06-18T14:50:49.256512+0200 Skipping empty or invalid text_id 37771636
2025-06-18T14:52:16.275666+0200 Skipping text_id 37237438 due to excessive length (10832269 chars).
2025-06-18T14:59:38.516190+0200 Skipping text_id 36906481 due to excessive length (4875065 chars).
2025-06-18T15:02:32.046242+0200 Saved partial results to results/partial_results/partial_results_900_20250618_145036.json
2025-06-18T15:04:50.331744+0200 Skipping empty or invalid text_id 36619258
2025-06-18T15:09:59.845712+0200 Skipping empty or invalid text_id 36369661
2025-06-18T15:10:18.645392+0200 Skipping empty or invalid text_id 35606407
2025-06-18T15:16:36.434500+0200 Saved partial results to results/partial_results/partial_results_1000_20250618_145036.json
2025-06-18T15:19:20.603441+0200 Skipping empty or invalid text_id 35787682
2025-06-18T15:39:27.706684+0200 Saved partial results to results/partial_results/partial_results_1100_20250618_145036.json
2025-06-18T15:48:19.251969+0200 Skipping empty or invalid text_id 34703308
2025-06-18T15:50:15.194495+0200 Saved partial results to results/partial_results/partial_results_1200_20250618_145036.json
2025-06-18T15:55:29.295503+0200 Skipping empty or invalid text_id 34142002
2025-06-18T16:31:42.897172+0200 Saved partial results to results/partial_results/partial_results_1300_20250618_145036.json
2025-06-18T16:42:19.063446+0200 Saved partial results to results/partial_results/partial_results_1400_20250618_145036.json
2025-06-18T16:42:34.037760+0200 Skipping empty or invalid text_id 33055162
2025-06-18T16:45:56.598421+0200 Skipping empty or invalid text_id 32799058
2025-06-18T16:45:56.599032+0200 Skipping empty or invalid text_id 32799058
2025-06-18T16:50:17.468567+0200 Skipping empty or invalid text_id 32645014
2025-06-18T16:52:51.402457+0200 Saved partial results to results/partial_results/partial_results_1500_20250618_145036.json
2025-06-18T16:55:08.221120+0200 Skipping empty or invalid text_id 31842658
2025-06-18T17:01:19.125183+0200 Saved partial results to results/partial_results/partial_results_1600_20250618_145036.json
2025-06-18T17:20:51.334549+0200 Saved partial results to results/partial_results/partial_results_1700_20250618_145036.json
2025-06-18T17:22:12.984047+0200 Skipping empty or invalid text_id 30716108
2025-06-18T17:31:09.518890+0200 Saved partial results to results/partial_results/partial_results_1800_20250618_145036.json
2025-06-18T17:34:58.529062+0200 Skipping empty or invalid text_id 29871489
2025-06-18T17:34:58.530495+0200 Skipping empty or invalid text_id 29871489
2025-06-18T17:34:58.530794+0200 Skipping empty or invalid text_id 29871489
2025-06-18T17:37:53.561299+0200 Skipping empty or invalid text_id 29702991
2025-06-18T17:39:23.847193+0200 Saved partial results to results/partial_results/partial_results_1900_20250618_145036.json
2025-06-18T17:39:36.486649+0200 Skipping empty or invalid text_id 29429394
2025-06-18T17:44:13.342215+0200 Skipping empty or invalid text_id 28802256
2025-06-18T17:48:15.335926+0200 Saved partial results to results/partial_results/partial_results_2000_20250618_145036.json
2025-06-18T17:51:07.180131+0200 Skipping empty or invalid text_id 26584639
2025-06-18T17:51:56.010147+0200 Skipping empty or invalid text_id 28299840
2025-06-18T18:00:50.434209+0200 Saved partial results to results/partial_results/partial_results_2100_20250618_145036.json
2025-06-18T18:12:45.218917+0200 Saved partial results to results/partial_results/partial_results_2200_20250618_145036.json
2025-06-18T18:20:09.661018+0200 Skipping empty or invalid text_id 26225593
2025-06-18T18:21:30.178673+0200 Skipping empty or invalid text_id 26090275
2025-06-18T18:21:40.579138+0200 Skipping empty or invalid text_id 25952251
2025-06-18T18:22:41.374279+0200 Skipping empty or invalid text_id 25827451
2025-06-18T18:22:41.375412+0200 Skipping empty or invalid text_id 25827451
2025-06-18T18:23:37.079235+0200 Skipping empty or invalid text_id 25752286
2025-06-18T18:23:46.368666+0200 Saved partial results to results/partial_results/partial_results_2300_20250618_145036.json
2025-06-18T18:58:23.165780+0200 Saved partial results to results/partial_results/partial_results_2400_20250618_145036.json
2025-06-18T20:23:25.361203+0200 Skipping empty or invalid text_id 24341182
2025-06-18T20:29:15.814610+0200 Saved partial results to results/partial_results/partial_results_2500_20250618_145036.json
2025-06-18T20:53:32.572685+0200 Saved partial results to results/partial_results/partial_results_2600_20250618_145036.json
2025-06-18T21:02:45.130917+0200 Saved partial results to results/partial_results/partial_results_2700_20250618_145036.json
2025-06-18T21:03:28.398802+0200 Skipping empty or invalid text_id 22236751
2025-06-18T21:12:18.397524+0200 Saved partial results to results/partial_results/partial_results_2800_20250618_145036.json
2025-06-18T21:23:54.520063+0200 Saved partial results to results/partial_results/partial_results_2900_20250618_145036.json
2025-06-18T21:26:56.588785+0200 Skipping empty or invalid text_id 20420945
2025-06-18T21:29:38.024404+0200 Skipping empty or invalid text_id 20092435
2025-06-18T21:30:38.883135+0200 Skipping empty or invalid text_id 4077388
2025-06-18T21:31:13.099896+0200 Saved partial results to results/partial_results/partial_results_3000_20250618_145036.json
2025-06-18T21:35:14.017097+0200 Skipping empty or invalid text_id 19399984
2025-06-18T21:37:03.780619+0200 Skipping empty or invalid text_id 19206184
2025-06-18T21:41:09.601680+0200 Saved partial results to results/partial_results/partial_results_3100_20250618_145036.json
2025-06-18T21:49:23.645875+0200 Saved partial results to results/partial_results/partial_results_3200_20250618_145036.json
2025-06-18T21:49:33.113781+0200 Skipping empty or invalid text_id 17792645
2025-06-18T21:50:31.949306+0200 Skipping empty or invalid text_id 17673239
2025-06-18T21:50:58.579745+0200 Skipping empty or invalid text_id 17425157
2025-06-18T21:51:04.566264+0200 Skipping empty or invalid text_id 17405891
2025-06-18T21:51:04.566681+0200 Skipping empty or invalid text_id 17405891
2025-06-18T21:55:44.556312+0200 Skipping empty or invalid text_id 17395874
2025-06-18T21:55:44.764939+0200 Skipping empty or invalid text_id 17391749
2025-06-18T21:55:44.765062+0200 Skipping empty or invalid text_id 17391749
2025-06-18T21:55:44.765118+0200 Skipping empty or invalid text_id 17391749
2025-06-18T21:55:44.765171+0200 Skipping empty or invalid text_id 17391749
2025-06-18T21:56:50.976470+0200 Saved partial results to results/partial_results/partial_results_3300_20250618_145036.json
2025-06-18T22:01:20.225091+0200 Saved partial results to results/partial_results/partial_results_3400_20250618_145036.json
2025-06-18T22:09:57.825194+0200 Skipping empty or invalid text_id 15488511
2025-06-18T22:17:08.537934+0200 Saved partial results to results/partial_results/partial_results_3500_20250618_145036.json
2025-06-18T22:28:14.444712+0200 Saved partial results to results/partial_results/partial_results_3600_20250618_145036.json
2025-06-18T22:43:24.557490+0200 Saved partial results to results/partial_results/partial_results_3700_20250618_145036.json
2025-06-19T01:52:02.610995+0200 Skipping empty or invalid text_id 8773561
2025-06-19T04:37:44.476903+0200 Skipping empty or invalid text_id 10689060
2025-06-19T07:08:43.953601+0200 Saved partial results to results/partial_results/partial_results_3800_20250618_145036.json
2025-06-19T08:54:30.984338+0200 Saved partial results to results/partial_results/partial_results_3900_20250618_145036.json
2025-06-19T09:05:34.460314+0200 Saved partial results to results/partial_results/partial_results_4000_20250618_145036.json
2025-06-19T09:19:17.522723+0200 Saved partial results to results/partial_results/partial_results_4100_20250618_145036.json
2025-06-19T09:22:54.040792+0200 Skipping empty or invalid text_id 4808753
2025-06-19T09:30:42.776955+0200 Saved partial results to results/partial_results/partial_results_4200_20250618_145036.json
2025-06-19T09:36:20.572871+0200 Saved partial results to results/partial_results/partial_results_4300_20250618_145036.json
2025-06-19T09:36:40.669233+0200 Skipping empty or invalid text_id 2598236
2025-06-19T09:42:42.718860+0200 Saved partial results to results/partial_results/partial_results_4400_20250618_145036.json
2025-06-19T09:45:52.104958+0200 Saved partial results to results/partial_results/partial_results_4500_20250618_145036.json
2025-06-19T09:47:53.868505+0200 Skipping empty or invalid text_id 922616
2025-06-19T09:49:00.566664+0200 Saved partial results to results/partial_results/partial_results_4600_20250618_145036.json
2025-06-19T09:52:03.067906+0200 Saved partial results to results/partial_results/partial_results_4700_20250618_145036.json
2025-06-19T09:56:56.635814+0200 Saved partial results to results/partial_results/partial_results_4800_20250618_145036.json
2025-06-19T10:00:35.869214+0200 Saved partial results to results/partial_results/partial_results_4900_20250618_145036.json
2025-06-19T10:03:14.734791+0200 Saved partial results to results/partial_results/partial_results_5000_20250618_145036.json
2025-06-19T10:08:22.451263+0200 Skipping empty or invalid text_id 504031
2025-06-19T10:09:03.188935+0200 Skipping empty or invalid text_id 17270
2025-06-19T10:11:24.587428+0200 Saved partial results to results/partial_results/partial_results_5100_20250618_145036.json
2025-06-19T10:13:12.407748+0200 Saved final partial results to results/partial_results_final_20250618_145036.json
2025-06-19T10:13:12.408333+0200 Results saved to DIR: results
2025-06-19T10:13:12.408407+0200 time elapsed: 19:22:36.381605
2025-06-26T09:50:18.927116+0200 ==== Starting sentiment analysis at 2025-06-26 09:50:18.927092 ====
2025-06-26T09:50:18.928090+0200 Model names: ['cardiffnlp/twitter-xlm-roberta-base-sentiment-multilingual']
2025-06-26T09:50:18.928142+0200 Dataset name: data/9000_fics.csv
2025-06-26T09:50:18.928181+0200 Limiting to first 5 rows
2025-06-26T09:50:25.160016+0200 Skipping 5096 already-processed texts.
2025-06-26T09:54:14.848211+0200 ==== Starting sentiment analysis at 2025-06-26 09:54:14.848184 ====
2025-06-26T09:54:14.849627+0200 Model names: ['cardiffnlp/twitter-xlm-roberta-base-sentiment-multilingual']
2025-06-26T09:54:14.849683+0200 Dataset name: data/9000_fics.csv
2025-06-26T09:54:14.849721+0200 Limiting to first 5 rows
2025-06-26T09:54:18.668829+0200 Loaded dataset: 9000_fics with 8998 rows
2025-06-26T09:54:18.696058+0200 Skipping 0 already-processed texts.
2025-06-26T09:55:10.418313+0200 Saved final partial results to results/partial_results_final_9000_fics_20250626_095414.json
2025-06-26T09:55:10.418740+0200 Results saved to DIR: results
2025-06-26T09:55:10.418811+0200 time elapsed: 0:00:55.570621
2025-06-26T09:55:39.844133+0200 ==== Starting sentiment analysis at 2025-06-26 09:55:39.843599 ====
2025-06-26T09:55:39.844290+0200 Model names: ['cardiffnlp/twitter-xlm-roberta-base-sentiment-multilingual']
2025-06-26T09:55:39.844331+0200 Dataset name: data/9000_fics.csv
2025-06-26T09:55:39.844367+0200 Limiting to first 5 rows
2025-06-26T09:55:43.506499+0200 Loaded dataset: 9000_fics with 8998 rows
2025-06-26T09:55:43.535422+0200 Skipping 0 already-processed texts.
2025-06-26T09:56:34.262076+0200 Saved final partial results to results/partial_results_final_9000_fics_20250626_095539.json
2025-06-26T09:56:34.262479+0200 Results saved to DIR: results
2025-06-26T09:56:34.262550+0200 time elapsed: 0:00:54.418945
2025-06-26T09:57:35.759807+0200 ==== Starting sentiment analysis at 2025-06-26 09:57:35.759524 ====
2025-06-26T09:57:35.760108+0200 Model names: ['cardiffnlp/twitter-xlm-roberta-base-sentiment-multilingual']
2025-06-26T09:57:35.760145+0200 Dataset name: data/9000_fics.csv
2025-06-26T09:57:35.760177+0200 Limiting to first 5 rows
2025-06-26T09:57:39.681321+0200 Loaded dataset: 9000_fics with 8998 rows
2025-06-26T09:57:39.710115+0200 Skipping 0 already-processed texts.
2025-06-26T09:58:30.494882+0200 Saved final partial results to results/partial_results/9000_fics/partial_results_final_9000_fics_20250626_095735.json
2025-06-26T09:58:30.495318+0200 Results saved to DIR: results
2025-06-26T09:58:30.495369+0200 time elapsed: 0:00:54.735841
2025-06-26T09:58:57.093549+0200 ==== Starting sentiment analysis at 2025-06-26 09:58:57.093515 ====
2025-06-26T09:58:57.093962+0200 Model names: ['cardiffnlp/twitter-xlm-roberta-base-sentiment-multilingual']
2025-06-26T09:58:57.094015+0200 Dataset name: data/9000_fics.csv
2025-06-26T09:58:57.094053+0200 No row limit specified
2025-06-26T09:59:00.967998+0200 Loaded dataset: 9000_fics with 8998 rows
2025-06-26T09:59:26.697114+0200 Skipping 0 already-processed texts.
2025-06-26T10:19:28.492870+0200 ==== Starting sentiment analysis at 2025-06-26 10:19:28.492816 ====
2025-06-26T10:19:28.493415+0200 Model names: ['cardiffnlp/twitter-xlm-roberta-base-sentiment-multilingual']
2025-06-26T10:19:28.493470+0200 Dataset name: data/9000_fics.csv
2025-06-26T10:19:28.493506+0200 No row limit specified
2025-06-26T10:19:32.239133+0200 Loaded dataset: 9000_fics with 8998 rows
2025-06-26T10:19:58.448285+0200 Skipping 0 already-processed texts.
2025-06-26T12:13:02.691948+0200 Saved partial results to results/partial_results/9000_fics/partial_results_9000_fics_100_20250626_101928.json
2025-06-26T12:37:57.033240+0200 Saved partial results to results/partial_results/9000_fics/partial_results_9000_fics_200_20250626_101928.json
2025-06-26T13:19:32.007991+0200 Saved partial results to results/partial_results/9000_fics/partial_results_9000_fics_300_20250626_101928.json
2025-06-26T13:50:21.849737+0200 ==== Starting sentiment analysis at 2025-06-26 13:50:21.849696 ====
2025-06-26T13:50:21.850926+0200 Model names: ['cardiffnlp/xlm-roberta-base-sentiment-multilingual']
2025-06-26T13:50:21.850969+0200 Dataset name: data/9000_fics.csv
2025-06-26T13:50:21.850999+0200 No row limit specified
2025-06-26T13:50:26.752542+0200 Loaded dataset: 9000_fics with 8998 rows
2025-06-26T13:50:54.203984+0200 Skipping 0 already-processed texts.
2025-06-26T18:12:16.310028+0200 Saved partial results to results/partial_results/9000_fics/partial_results_9000_fics_100_20250626_135021.json
2025-06-26T21:05:33.025564+0200 Saved partial results to results/partial_results/9000_fics/partial_results_9000_fics_200_20250626_135021.json
2025-06-27T09:49:57.405586+0200 Saved partial results to results/partial_results/9000_fics/partial_results_9000_fics_300_20250626_135021.json
2025-06-27T10:19:58.184720+0200 Saved partial results to results/partial_results/9000_fics/partial_results_9000_fics_400_20250626_135021.json
2025-06-27T11:52:35.285164+0200 Saved partial results to results/partial_results/9000_fics/partial_results_9000_fics_500_20250626_135021.json
2025-06-27T19:38:14.033155+0200 Saved partial results to results/partial_results/9000_fics/partial_results_9000_fics_600_20250626_135021.json
2025-06-27T19:58:12.038546+0200 Saved partial results to results/partial_results/9000_fics/partial_results_9000_fics_700_20250626_135021.json
2025-06-27T20:31:12.175390+0200 Saved partial results to results/partial_results/9000_fics/partial_results_9000_fics_800_20250626_135021.json
2025-06-27T22:09:43.513153+0200 Saved partial results to results/partial_results/9000_fics/partial_results_9000_fics_900_20250626_135021.json
2025-06-27T22:32:38.848784+0200 Saved partial results to results/partial_results/9000_fics/partial_results_9000_fics_1000_20250626_135021.json
2025-06-27T23:07:29.619859+0200 Saved partial results to results/partial_results/9000_fics/partial_results_9000_fics_1100_20250626_135021.json
2025-06-27T23:29:29.958571+0200 Saved partial results to results/partial_results/9000_fics/partial_results_9000_fics_1200_20250626_135021.json
2025-06-28T07:45:44.756769+0200 Saved partial results to results/partial_results/9000_fics/partial_results_9000_fics_1300_20250626_135021.json
2025-06-28T10:23:15.092434+0200 Saved partial results to results/partial_results/9000_fics/partial_results_9000_fics_1400_20250626_135021.json
2025-06-28T10:53:46.369135+0200 Saved partial results to results/partial_results/9000_fics/partial_results_9000_fics_1500_20250626_135021.json
2025-06-28T16:52:01.517546+0200 Saved partial results to results/partial_results/9000_fics/partial_results_9000_fics_1600_20250626_135021.json
2025-06-28T17:11:48.719641+0200 Skipping text_id 32402338 due to excessive length (2154928 chars).
2025-06-28T17:22:48.832385+0200 Saved partial results to results/partial_results/9000_fics/partial_results_9000_fics_1700_20250626_135021.json
2025-06-28T17:58:51.160172+0200 Saved partial results to results/partial_results/9000_fics/partial_results_9000_fics_1800_20250626_135021.json
2025-06-28T18:33:44.220520+0200 Saved partial results to results/partial_results/9000_fics/partial_results_9000_fics_1900_20250626_135021.json
2025-06-28T19:00:49.420833+0200 Saved partial results to results/partial_results/9000_fics/partial_results_9000_fics_2000_20250626_135021.json
2025-06-28T19:14:13.238085+0200 Saved partial results to results/partial_results/9000_fics/partial_results_9000_fics_2100_20250626_135021.json
2025-06-28T19:55:18.645183+0200 Saved partial results to results/partial_results/9000_fics/partial_results_9000_fics_2200_20250626_135021.json
2025-06-28T19:57:22.116747+0200 Skipping text_id 716010 due to excessive length (2050471 chars).
2025-06-28T20:33:51.123652+0200 Saved partial results to results/partial_results/9000_fics/partial_results_9000_fics_2300_20250626_135021.json
2025-06-28T21:08:56.348498+0200 Saved partial results to results/partial_results/9000_fics/partial_results_9000_fics_2400_20250626_135021.json
2025-06-28T21:48:18.048873+0200 Saved partial results to results/partial_results/9000_fics/partial_results_9000_fics_2500_20250626_135021.json
2025-06-28T22:16:35.324466+0200 Saved partial results to results/partial_results/9000_fics/partial_results_9000_fics_2600_20250626_135021.json
2025-06-28T22:49:20.537138+0200 Saved partial results to results/partial_results/9000_fics/partial_results_9000_fics_2700_20250626_135021.json
2025-06-28T23:06:05.116922+0200 Skipping text_id 24720655 due to excessive length (2182939 chars).
2025-06-28T23:15:54.591277+0200 Saved partial results to results/partial_results/9000_fics/partial_results_9000_fics_2800_20250626_135021.json
2025-06-28T23:33:51.270187+0200 Saved partial results to results/partial_results/9000_fics/partial_results_9000_fics_2900_20250626_135021.json
2025-06-29T09:46:09.944589+0200 Saved partial results to results/partial_results/9000_fics/partial_results_9000_fics_3000_20250626_135021.json
2025-06-29T10:06:59.387372+0200 Saved partial results to results/partial_results/9000_fics/partial_results_9000_fics_3100_20250626_135021.json
2025-06-29T11:13:19.733161+0200 Saved partial results to results/partial_results/9000_fics/partial_results_9000_fics_3200_20250626_135021.json
2025-06-29T12:11:46.625461+0200 Saved partial results to results/partial_results/9000_fics/partial_results_9000_fics_3300_20250626_135021.json
2025-06-29T12:32:32.175324+0200 Saved partial results to results/partial_results/9000_fics/partial_results_9000_fics_3400_20250626_135021.json
2025-06-29T13:04:56.304432+0200 Saved partial results to results/partial_results/9000_fics/partial_results_9000_fics_3500_20250626_135021.json
2025-06-29T13:29:27.819836+0200 Saved partial results to results/partial_results/9000_fics/partial_results_9000_fics_3600_20250626_135021.json
2025-06-29T13:49:52.981579+0200 Saved partial results to results/partial_results/9000_fics/partial_results_9000_fics_3700_20250626_135021.json
2025-06-29T14:09:25.976280+0200 Saved partial results to results/partial_results/9000_fics/partial_results_9000_fics_3800_20250626_135021.json
2025-06-29T14:53:42.427367+0200 Saved partial results to results/partial_results/9000_fics/partial_results_9000_fics_3900_20250626_135021.json
2025-06-29T15:13:56.951823+0200 Saved partial results to results/partial_results/9000_fics/partial_results_9000_fics_4000_20250626_135021.json
2025-06-29T16:03:15.209675+0200 Saved partial results to results/partial_results/9000_fics/partial_results_9000_fics_4100_20250626_135021.json
2025-06-29T16:26:37.546523+0200 Saved partial results to results/partial_results/9000_fics/partial_results_9000_fics_4200_20250626_135021.json
2025-06-29T16:57:42.605945+0200 Saved partial results to results/partial_results/9000_fics/partial_results_9000_fics_4300_20250626_135021.json
2025-06-29T17:26:55.688365+0200 Saved partial results to results/partial_results/9000_fics/partial_results_9000_fics_4400_20250626_135021.json
2025-06-29T19:26:50.256218+0200 Saved partial results to results/partial_results/9000_fics/partial_results_9000_fics_4500_20250626_135021.json
2025-06-29T19:43:21.842748+0200 Saved partial results to results/partial_results/9000_fics/partial_results_9000_fics_4600_20250626_135021.json
2025-06-29T20:49:21.956016+0200 Saved partial results to results/partial_results/9000_fics/partial_results_9000_fics_4700_20250626_135021.json
2025-06-29T21:08:17.810904+0200 Saved partial results to results/partial_results/9000_fics/partial_results_9000_fics_4800_20250626_135021.json
2025-06-29T21:32:14.975557+0200 Saved partial results to results/partial_results/9000_fics/partial_results_9000_fics_4900_20250626_135021.json
2025-06-29T21:58:33.820036+0200 Skipping text_id 10184531 due to excessive length (2193705 chars).
2025-06-29T22:21:00.686083+0200 Saved partial results to results/partial_results/9000_fics/partial_results_9000_fics_5000_20250626_135021.json
2025-06-29T22:47:06.896467+0200 Saved partial results to results/partial_results/9000_fics/partial_results_9000_fics_5100_20250626_135021.json
2025-06-29T23:20:58.863938+0200 Saved partial results to results/partial_results/9000_fics/partial_results_9000_fics_5200_20250626_135021.json
2025-06-29T23:43:23.481079+0200 Saved partial results to results/partial_results/9000_fics/partial_results_9000_fics_5300_20250626_135021.json
2025-06-30T00:03:49.535136+0200 Saved partial results to results/partial_results/9000_fics/partial_results_9000_fics_5400_20250626_135021.json
2025-06-30T00:34:18.289586+0200 Saved partial results to results/partial_results/9000_fics/partial_results_9000_fics_5500_20250626_135021.json
2025-06-30T00:54:15.429082+0200 Saved partial results to results/partial_results/9000_fics/partial_results_9000_fics_5600_20250626_135021.json
2025-06-30T01:13:34.341534+0200 Saved partial results to results/partial_results/9000_fics/partial_results_9000_fics_5700_20250626_135021.json
2025-06-30T01:51:53.500104+0200 Saved partial results to results/partial_results/9000_fics/partial_results_9000_fics_5800_20250626_135021.json
2025-06-30T02:13:55.955046+0200 Saved partial results to results/partial_results/9000_fics/partial_results_9000_fics_5900_20250626_135021.json
2025-06-30T02:14:06.124100+0200 Skipping text_id 27087217 due to excessive length (2141311 chars).
2025-06-30T02:42:38.689285+0200 Saved partial results to results/partial_results/9000_fics/partial_results_9000_fics_6000_20250626_135021.json
2025-06-30T03:12:39.482928+0200 Saved partial results to results/partial_results/9000_fics/partial_results_9000_fics_6100_20250626_135021.json
2025-06-30T03:30:08.757399+0200 Saved partial results to results/partial_results/9000_fics/partial_results_9000_fics_6200_20250626_135021.json
2025-06-30T03:52:17.317750+0200 Saved partial results to results/partial_results/9000_fics/partial_results_9000_fics_6300_20250626_135021.json
2025-06-30T04:18:56.990587+0200 Saved partial results to results/partial_results/9000_fics/partial_results_9000_fics_6400_20250626_135021.json
2025-06-30T04:32:39.944975+0200 Saved partial results to results/partial_results/9000_fics/partial_results_9000_fics_6500_20250626_135021.json
2025-06-30T04:48:29.116239+0200 Saved partial results to results/partial_results/9000_fics/partial_results_9000_fics_6600_20250626_135021.json
2025-06-30T05:16:46.758282+0200 Saved partial results to results/partial_results/9000_fics/partial_results_9000_fics_6700_20250626_135021.json
2025-06-30T05:45:44.346671+0200 Saved partial results to results/partial_results/9000_fics/partial_results_9000_fics_6800_20250626_135021.json
2025-06-30T05:58:15.938240+0200 Saved partial results to results/partial_results/9000_fics/partial_results_9000_fics_6900_20250626_135021.json
2025-06-30T06:22:54.617144+0200 Saved partial results to results/partial_results/9000_fics/partial_results_9000_fics_7000_20250626_135021.json
2025-06-30T06:34:05.908949+0200 Saved partial results to results/partial_results/9000_fics/partial_results_9000_fics_7100_20250626_135021.json
2025-06-30T07:07:10.956369+0200 Saved partial results to results/partial_results/9000_fics/partial_results_9000_fics_7200_20250626_135021.json
2025-06-30T07:39:37.321915+0200 Saved partial results to results/partial_results/9000_fics/partial_results_9000_fics_7300_20250626_135021.json
2025-06-30T08:05:58.951097+0200 Saved partial results to results/partial_results/9000_fics/partial_results_9000_fics_7400_20250626_135021.json
2025-06-30T08:40:34.643208+0200 Saved partial results to results/partial_results/9000_fics/partial_results_9000_fics_7500_20250626_135021.json
2025-06-30T09:08:06.302868+0200 Saved partial results to results/partial_results/9000_fics/partial_results_9000_fics_7600_20250626_135021.json
2025-06-30T09:48:32.532028+0200 Saved partial results to results/partial_results/9000_fics/partial_results_9000_fics_7700_20250626_135021.json
2025-06-30T10:07:37.858108+0200 Saved partial results to results/partial_results/9000_fics/partial_results_9000_fics_7800_20250626_135021.json
2025-06-30T11:05:54.301236+0200 Saved partial results to results/partial_results/9000_fics/partial_results_9000_fics_7900_20250626_135021.json
2025-06-30T11:45:33.232769+0200 Saved partial results to results/partial_results/9000_fics/partial_results_9000_fics_8000_20250626_135021.json
2025-06-30T14:22:38.912676+0200 ==== Starting sentiment analysis at 2025-06-30 14:22:38.912638 ====
2025-06-30T14:22:38.913867+0200 Model names: ['cardiffnlp/xlm-roberta-base-sentiment-multilingual']
2025-06-30T14:22:38.913914+0200 Dataset name: data/9000_fics.csv
2025-06-30T14:22:38.913954+0200 No row limit specified
2025-06-30T14:22:43.841622+0200 Loaded dataset: 9000_fics with 8998 rows
2025-06-30T14:23:14.460038+0200 Skipping 7996 already-processed texts.
2025-06-30T14:23:17.925905+0200 Skipping text_id 32402338 due to excessive length (2154928 chars).
2025-06-30T14:23:17.933533+0200 Skipping text_id 716010 due to excessive length (2050471 chars).
2025-06-30T14:23:17.941471+0200 Skipping text_id 24720655 due to excessive length (2182939 chars).
2025-06-30T14:23:17.969112+0200 Skipping text_id 10184531 due to excessive length (2193705 chars).
2025-06-30T14:23:17.982681+0200 Skipping text_id 27087217 due to excessive length (2141311 chars).
2025-06-30T14:38:07.920156+0200 Saved partial results to results/partial_results/9000_fics/partial_results_9000_fics_8100_20250630_142238.json
2025-06-30T14:59:32.001148+0200 Saved partial results to results/partial_results/9000_fics/partial_results_9000_fics_8200_20250630_142238.json
2025-06-30T15:24:47.007788+0200 Saved partial results to results/partial_results/9000_fics/partial_results_9000_fics_8300_20250630_142238.json
2025-06-30T15:40:47.309059+0200 Saved partial results to results/partial_results/9000_fics/partial_results_9000_fics_8400_20250630_142238.json
2025-06-30T15:51:46.060003+0200 Saved partial results to results/partial_results/9000_fics/partial_results_9000_fics_8500_20250630_142238.json
2025-06-30T16:10:36.511010+0200 Saved partial results to results/partial_results/9000_fics/partial_results_9000_fics_8600_20250630_142238.json
2025-06-30T16:33:19.090066+0200 Saved partial results to results/partial_results/9000_fics/partial_results_9000_fics_8700_20250630_142238.json
2025-06-30T16:59:16.300879+0200 Saved partial results to results/partial_results/9000_fics/partial_results_9000_fics_8800_20250630_142238.json
2025-06-30T17:14:13.391420+0200 Saved partial results to results/partial_results/9000_fics/partial_results_9000_fics_8900_20250630_142238.json
2025-06-30T17:39:48.448423+0200 Saved final partial results to results/partial_results/9000_fics/partial_results_final_9000_fics_20250630_142238.json
2025-06-30T17:39:48.450085+0200 Total number of chunks processed: 756317
2025-06-30T17:39:48.452266+0200 Average number of chunks per sentence: 1.00
2025-06-30T17:39:48.552937+0200 Chunk counts per sentence:
2025-06-30T17:39:48.553312+0200 1 chunks: 756276 sentences
2025-06-30T17:39:48.553345+0200 2 chunks: 39 sentences
2025-06-30T17:39:48.553370+0200 3 chunks: 1 sentences
2025-06-30T17:39:48.553394+0200 4 chunks: 1 sentences
2025-06-30T17:39:48.553417+0200 Results saved to DIR: results/partial_results/9000_fics
2025-06-30T17:39:48.553446+0200 time elapsed: 3:17:09.640803
2025-06-30T18:10:04.519528+0200 ==== Starting sentiment analysis at 2025-06-30 18:10:04.518595 ====
2025-06-30T18:10:04.521158+0200 Model names: ['cardiffnlp/xlm-roberta-base-sentiment-multilingual']
2025-06-30T18:10:04.521195+0200 Dataset name: data/MythFic_texts.csv
2025-06-30T18:10:04.521228+0200 No row limit specified
2025-06-30T18:10:06.761682+0200 Loaded dataset: MythFic_texts with 5154 rows
2025-06-30T18:10:14.164219+0200 Skipping 0 already-processed texts.
2025-06-30T18:24:09.281506+0200 Saved partial results to results/partial_results/MythFic_texts/partial_results_MythFic_texts_100_20250630_181004.json
2025-06-30T18:36:07.362003+0200 Saved partial results to results/partial_results/MythFic_texts/partial_results_MythFic_texts_200_20250630_181004.json
2025-06-30T18:36:52.269889+0200 Skipping empty or invalid text_id 41875431 due to empty text after stripping
2025-06-30T18:48:48.886570+0200 Saved partial results to results/partial_results/MythFic_texts/partial_results_MythFic_texts_300_20250630_181004.json
2025-06-30T18:49:52.487606+0200 Skipping empty or invalid text_id 38554689 due to empty text after stripping
2025-06-30T18:50:52.106061+0200 Skipping empty or invalid text_id 40377192 due to empty text after stripping
2025-06-30T18:56:18.826184+0200 Saved partial results to results/partial_results/MythFic_texts/partial_results_MythFic_texts_400_20250630_181004.json
2025-06-30T18:57:10.516581+0200 Skipping empty or invalid text_id 40005351 due to empty text after stripping
2025-06-30T19:07:19.298063+0200 Saved partial results to results/partial_results/MythFic_texts/partial_results_MythFic_texts_500_20250630_181004.json
2025-06-30T19:08:03.252738+0200 Skipping empty or invalid text_id 39408366 due to empty text after stripping
2025-06-30T19:13:37.509308+0200 Skipping empty or invalid text_id 39003558 due to empty text after stripping
2025-06-30T19:14:13.993130+0200 Saved partial results to results/partial_results/MythFic_texts/partial_results_MythFic_texts_600_20250630_181004.json
2025-06-30T19:16:26.077063+0200 Skipping empty or invalid text_id 38765025 due to empty text after stripping
2025-06-30T19:16:26.077852+0200 Skipping empty or invalid text_id 38764800 due to empty text after stripping
2025-06-30T19:16:26.077921+0200 Skipping empty or invalid text_id 38764515 due to empty text after stripping
2025-06-30T19:16:28.058263+0200 Skipping empty or invalid text_id 38763462 due to empty text after stripping
2025-06-30T19:24:57.614439+0200 Saved partial results to results/partial_results/MythFic_texts/partial_results_MythFic_texts_700_20250630_181004.json
2025-06-30T19:35:58.586235+0200 Skipping empty or invalid text_id 37758970 due to empty text after stripping
2025-06-30T19:41:45.745894+0200 Saved partial results to results/partial_results/MythFic_texts/partial_results_MythFic_texts_800_20250630_181004.json
2025-06-30T19:43:00.370287+0200 Skipping text_id 37237438 due to excessive length (10832269 chars).
2025-06-30T19:50:11.581399+0200 Skipping text_id 36906481 due to excessive length (4875065 chars).
2025-06-30T19:52:44.931934+0200 Saved partial results to results/partial_results/MythFic_texts/partial_results_MythFic_texts_900_20250630_181004.json
2025-06-30T19:55:02.481728+0200 Skipping empty or invalid text_id 36724717 due to empty text after stripping
2025-06-30T19:59:56.292077+0200 Skipping empty or invalid text_id 36368062 due to empty text after stripping
2025-06-30T20:00:13.383453+0200 Skipping empty or invalid text_id 36357004 due to empty text after stripping
2025-06-30T20:06:17.142500+0200 Saved partial results to results/partial_results/MythFic_texts/partial_results_MythFic_texts_1000_20250630_181004.json
2025-06-30T20:08:48.529882+0200 Skipping empty or invalid text_id 35786500 due to empty text after stripping
2025-06-30T20:28:08.470407+0200 Saved partial results to results/partial_results/MythFic_texts/partial_results_MythFic_texts_1100_20250630_181004.json
2025-06-30T20:36:13.104022+0200 Skipping empty or invalid text_id 34703176 due to empty text after stripping
2025-06-30T20:37:53.256740+0200 Saved partial results to results/partial_results/MythFic_texts/partial_results_MythFic_texts_1200_20250630_181004.json
2025-06-30T20:43:00.141453+0200 Skipping empty or invalid text_id 34399414 due to empty text after stripping
2025-06-30T21:04:33.392223+0200 Saved partial results to results/partial_results/MythFic_texts/partial_results_MythFic_texts_1300_20250630_181004.json
2025-06-30T21:12:00.230731+0200 Saved partial results to results/partial_results/MythFic_texts/partial_results_MythFic_texts_1400_20250630_181004.json
2025-06-30T21:12:15.064402+0200 Skipping empty or invalid text_id 33037492 due to empty text after stripping
2025-06-30T21:15:21.159197+0200 Skipping empty or invalid text_id 32794729 due to empty text after stripping
2025-06-30T21:15:21.160614+0200 Skipping empty or invalid text_id 32794594 due to empty text after stripping
2025-06-30T21:19:44.964897+0200 Skipping empty or invalid text_id 32624959 due to empty text after stripping
2025-06-30T21:22:04.620452+0200 Saved partial results to results/partial_results/MythFic_texts/partial_results_MythFic_texts_1500_20250630_181004.json
2025-06-30T21:24:09.976396+0200 Skipping empty or invalid text_id 32179825 due to empty text after stripping
2025-06-30T21:29:43.630892+0200 Saved partial results to results/partial_results/MythFic_texts/partial_results_MythFic_texts_1600_20250630_181004.json
2025-06-30T21:53:39.111751+0200 Saved partial results to results/partial_results/MythFic_texts/partial_results_MythFic_texts_1700_20250630_181004.json
2025-06-30T21:54:59.086004+0200 Skipping empty or invalid text_id 30700715 due to empty text after stripping
2025-06-30T22:03:28.427271+0200 Saved partial results to results/partial_results/MythFic_texts/partial_results_MythFic_texts_1800_20250630_181004.json
2025-06-30T22:07:15.817563+0200 Skipping empty or invalid text_id 29865399 due to empty text after stripping
2025-06-30T22:07:15.819228+0200 Skipping empty or invalid text_id 29865228 due to empty text after stripping
2025-06-30T22:07:15.819316+0200 Skipping empty or invalid text_id 29864955 due to empty text after stripping
2025-06-30T22:10:13.444449+0200 Skipping empty or invalid text_id 29689050 due to empty text after stripping
2025-06-30T22:11:55.867887+0200 Saved partial results to results/partial_results/MythFic_texts/partial_results_MythFic_texts_1900_20250630_181004.json
2025-06-30T22:12:08.956604+0200 Skipping empty or invalid text_id 29131347 due to empty text after stripping
2025-06-30T22:16:27.521815+0200 Skipping empty or invalid text_id 28795044 due to empty text after stripping
2025-06-30T22:19:48.317279+0200 Saved partial results to results/partial_results/MythFic_texts/partial_results_MythFic_texts_2000_20250630_181004.json
2025-06-30T22:23:18.802941+0200 Skipping empty or invalid text_id 28379850 due to empty text after stripping
2025-06-30T22:24:08.692818+0200 Skipping empty or invalid text_id 28296126 due to empty text after stripping
2025-06-30T22:32:50.085750+0200 Saved partial results to results/partial_results/MythFic_texts/partial_results_MythFic_texts_2100_20250630_181004.json
2025-06-30T22:41:33.334011+0200 Saved partial results to results/partial_results/MythFic_texts/partial_results_MythFic_texts_2200_20250630_181004.json
2025-06-30T22:49:18.349567+0200 Skipping empty or invalid text_id 26219479 due to empty text after stripping
2025-06-30T22:50:38.040869+0200 Skipping empty or invalid text_id 26087566 due to empty text after stripping
2025-06-30T22:50:48.656679+0200 Skipping empty or invalid text_id 26054674 due to empty text after stripping
2025-06-30T22:51:48.575166+0200 Skipping empty or invalid text_id 25655155 due to empty text after stripping
2025-06-30T22:51:48.576879+0200 Skipping empty or invalid text_id 25461109 due to empty text after stripping
2025-06-30T22:52:46.338001+0200 Skipping empty or invalid text_id 25734268 due to empty text after stripping
2025-06-30T22:52:53.827451+0200 Saved partial results to results/partial_results/MythFic_texts/partial_results_MythFic_texts_2300_20250630_181004.json
2025-06-30T23:47:45.505354+0200 Saved partial results to results/partial_results/MythFic_texts/partial_results_MythFic_texts_2400_20250630_181004.json
2025-06-30T23:58:50.162402+0200 Skipping empty or invalid text_id 23244109 due to empty text after stripping
2025-07-01T00:02:49.952452+0200 Saved partial results to results/partial_results/MythFic_texts/partial_results_MythFic_texts_2500_20250630_181004.json
2025-07-01T00:20:51.899603+0200 Saved partial results to results/partial_results/MythFic_texts/partial_results_MythFic_texts_2600_20250630_181004.json
2025-07-01T00:29:42.020126+0200 Saved partial results to results/partial_results/MythFic_texts/partial_results_MythFic_texts_2700_20250630_181004.json
2025-07-01T00:30:25.391484+0200 Skipping empty or invalid text_id 22236544 due to empty text after stripping
2025-07-01T00:40:29.526494+0200 Saved partial results to results/partial_results/MythFic_texts/partial_results_MythFic_texts_2800_20250630_181004.json
2025-07-01T00:50:01.527603+0200 Saved partial results to results/partial_results/MythFic_texts/partial_results_MythFic_texts_2900_20250630_181004.json
2025-07-01T00:52:42.851671+0200 Skipping empty or invalid text_id 20391511 due to empty text after stripping
2025-07-01T00:55:08.803064+0200 Skipping empty or invalid text_id 20088067 due to empty text after stripping
2025-07-01T00:56:11.757729+0200 Skipping empty or invalid text_id 20017507 due to empty text after stripping
2025-07-01T00:56:44.799211+0200 Saved partial results to results/partial_results/MythFic_texts/partial_results_MythFic_texts_3000_20250630_181004.json
2025-07-01T01:00:45.308958+0200 Skipping empty or invalid text_id 19402183 due to empty text after stripping
2025-07-01T01:03:01.186559+0200 Skipping empty or invalid text_id 19204981 due to empty text after stripping
2025-07-01T01:07:09.172751+0200 Saved partial results to results/partial_results/MythFic_texts/partial_results_MythFic_texts_3100_20250630_181004.json
2025-07-01T01:14:58.712713+0200 Saved partial results to results/partial_results/MythFic_texts/partial_results_MythFic_texts_3200_20250630_181004.json
2025-07-01T01:15:08.858739+0200 Skipping empty or invalid text_id 17790965 due to empty text after stripping
2025-07-01T01:16:08.786252+0200 Skipping empty or invalid text_id 17652710 due to empty text after stripping
2025-07-01T01:16:35.954768+0200 Skipping empty or invalid text_id 17405999 due to empty text after stripping
2025-07-01T01:16:42.245081+0200 Skipping empty or invalid text_id 17401784 due to empty text after stripping
2025-07-01T01:16:42.245479+0200 Skipping empty or invalid text_id 17401622 due to empty text after stripping
2025-07-01T01:17:10.817272+0200 Skipping empty or invalid text_id 17404298 due to empty text after stripping
2025-07-01T01:17:11.005898+0200 Skipping empty or invalid text_id 17388155 due to empty text after stripping
2025-07-01T01:17:11.006021+0200 Skipping empty or invalid text_id 17385485 due to empty text after stripping
2025-07-01T01:17:11.006080+0200 Skipping empty or invalid text_id 17384555 due to empty text after stripping
2025-07-01T01:17:11.006982+0200 Skipping empty or invalid text_id 17378282 due to empty text after stripping
2025-07-01T01:18:15.074227+0200 Saved partial results to results/partial_results/MythFic_texts/partial_results_MythFic_texts_3300_20250630_181004.json
2025-07-01T01:22:36.822086+0200 Saved partial results to results/partial_results/MythFic_texts/partial_results_MythFic_texts_3400_20250630_181004.json
2025-07-01T01:31:00.973863+0200 Skipping empty or invalid text_id 15095507 due to empty text after stripping
2025-07-01T01:37:48.129253+0200 Saved partial results to results/partial_results/MythFic_texts/partial_results_MythFic_texts_3500_20250630_181004.json
2025-07-01T01:48:42.091432+0200 Saved partial results to results/partial_results/MythFic_texts/partial_results_MythFic_texts_3600_20250630_181004.json
2025-07-01T02:03:44.855060+0200 Saved partial results to results/partial_results/MythFic_texts/partial_results_MythFic_texts_3700_20250630_181004.json
2025-07-01T02:08:17.655426+0200 Skipping empty or invalid text_id 11215665 due to empty text after stripping
2025-07-01T02:11:19.282919+0200 Skipping empty or invalid text_id 10672908 due to empty text after stripping
2025-07-01T02:15:17.489407+0200 Saved partial results to results/partial_results/MythFic_texts/partial_results_MythFic_texts_3800_20250630_181004.json
2025-07-01T02:26:52.502177+0200 Saved partial results to results/partial_results/MythFic_texts/partial_results_MythFic_texts_3900_20250630_181004.json
2025-07-01T02:35:00.287894+0200 Saved partial results to results/partial_results/MythFic_texts/partial_results_MythFic_texts_4000_20250630_181004.json
2025-07-01T02:46:58.176918+0200 Saved partial results to results/partial_results/MythFic_texts/partial_results_MythFic_texts_4100_20250630_181004.json
2025-07-01T02:50:31.552274+0200 Skipping empty or invalid text_id 4794107 due to empty text after stripping
2025-07-01T02:57:57.375631+0200 Saved partial results to results/partial_results/MythFic_texts/partial_results_MythFic_texts_4200_20250630_181004.json
2025-07-01T03:20:54.315574+0200 Saved partial results to results/partial_results/MythFic_texts/partial_results_MythFic_texts_4300_20250630_181004.json
2025-07-01T03:21:13.848399+0200 Skipping empty or invalid text_id 2575025 due to empty text after stripping
2025-07-01T06:26:07.795503+0200 Saved partial results to results/partial_results/MythFic_texts/partial_results_MythFic_texts_4400_20250630_181004.json
2025-07-01T06:29:30.622748+0200 Saved partial results to results/partial_results/MythFic_texts/partial_results_MythFic_texts_4500_20250630_181004.json
2025-07-01T06:31:29.027096+0200 Skipping empty or invalid text_id 911885 due to empty text after stripping
2025-07-01T06:32:37.358138+0200 Saved partial results to results/partial_results/MythFic_texts/partial_results_MythFic_texts_4600_20250630_181004.json
2025-07-01T06:35:45.990507+0200 Saved partial results to results/partial_results/MythFic_texts/partial_results_MythFic_texts_4700_20250630_181004.json
2025-07-01T06:40:40.533593+0200 Saved partial results to results/partial_results/MythFic_texts/partial_results_MythFic_texts_4800_20250630_181004.json
2025-07-01T06:44:05.382506+0200 Saved partial results to results/partial_results/MythFic_texts/partial_results_MythFic_texts_4900_20250630_181004.json
2025-07-01T06:46:37.365227+0200 Saved partial results to results/partial_results/MythFic_texts/partial_results_MythFic_texts_5000_20250630_181004.json
2025-07-01T06:51:48.736223+0200 Skipping empty or invalid text_id 1000182 due to empty text after stripping
2025-07-01T06:52:25.294442+0200 Skipping empty or invalid text_id 1000197 due to empty text after stripping
2025-07-01T06:54:54.154577+0200 Saved partial results to results/partial_results/MythFic_texts/partial_results_MythFic_texts_5100_20250630_181004.json
2025-07-01T06:56:34.312204+0200 Saved final partial results to results/partial_results/MythFic_texts/partial_results_final_MythFic_texts_20250630_181004.json
2025-07-01T06:56:34.312770+0200 Total number of chunks processed: 1966805
2025-07-01T06:56:34.320554+0200 Average number of chunks per sentence: 1.00
2025-07-01T06:56:34.500143+0200 Chunk counts per sentence:
2025-07-01T06:56:34.500256+0200 1 chunks: 1966594 sentences
2025-07-01T06:56:34.500290+0200 2 chunks: 190 sentences
2025-07-01T06:56:34.500318+0200 3 chunks: 17 sentences
2025-07-01T06:56:34.500344+0200 4 chunks: 2 sentences
2025-07-01T06:56:34.500367+0200 5 chunks: 1 sentences
2025-07-01T06:56:34.500394+0200 6 chunks: 1 sentences
2025-07-01T06:56:34.500424+0200 Results saved to DIR: results/partial_results/MythFic_texts
2025-07-01T06:56:34.500456+0200 time elapsed: 12:46:29.981856
